Determining if the pthread_create exist failed with the following output:
Change Dir: /rewrite/build/CMakeFiles/CMakeTmp

Run Build Command:"/usr/bin/make" "cmTC_b28ce/fast"
/usr/bin/make -f CMakeFiles/cmTC_b28ce.dir/build.make CMakeFiles/cmTC_b28ce.dir/build
make[1]: Entering directory '/rewrite/build/CMakeFiles/CMakeTmp'
Building C object CMakeFiles/cmTC_b28ce.dir/CheckSymbolExists.c.o
/usr/bin/cc    -o CMakeFiles/cmTC_b28ce.dir/CheckSymbolExists.c.o   -c /rewrite/build/CMakeFiles/CMakeTmp/CheckSymbolExists.c
Linking C executable cmTC_b28ce
/usr/bin/cmake -E cmake_link_script CMakeFiles/cmTC_b28ce.dir/link.txt --verbose=1
/usr/bin/cc      -rdynamic CMakeFiles/cmTC_b28ce.dir/CheckSymbolExists.c.o  -o cmTC_b28ce 
CMakeFiles/cmTC_b28ce.dir/CheckSymbolExists.c.o: In function `main':
CheckSymbolExists.c:(.text+0x1b): undefined reference to `pthread_create'
collect2: error: ld returned 1 exit status
CMakeFiles/cmTC_b28ce.dir/build.make:97: recipe for target 'cmTC_b28ce' failed
make[1]: *** [cmTC_b28ce] Error 1
make[1]: Leaving directory '/rewrite/build/CMakeFiles/CMakeTmp'
Makefile:126: recipe for target 'cmTC_b28ce/fast' failed
make: *** [cmTC_b28ce/fast] Error 2

File /rewrite/build/CMakeFiles/CMakeTmp/CheckSymbolExists.c:
/* */
#include <pthread.h>

int main(int argc, char** argv)
{
  (void)argv;
#ifndef pthread_create
  return ((int*)(&pthread_create))[argc];
#else
  (void)argc;
  return 0;
#endif
}

Determining if the function pthread_create exists in the pthreads failed with the following output:
Change Dir: /rewrite/build/CMakeFiles/CMakeTmp

Run Build Command:"/usr/bin/make" "cmTC_08584/fast"
/usr/bin/make -f CMakeFiles/cmTC_08584.dir/build.make CMakeFiles/cmTC_08584.dir/build
make[1]: Entering directory '/rewrite/build/CMakeFiles/CMakeTmp'
Building C object CMakeFiles/cmTC_08584.dir/CheckFunctionExists.c.o
/usr/bin/cc   -DCHECK_FUNCTION_EXISTS=pthread_create   -o CMakeFiles/cmTC_08584.dir/CheckFunctionExists.c.o   -c /usr/share/cmake-3.10/Modules/CheckFunctionExists.c
Linking C executable cmTC_08584
/usr/bin/cmake -E cmake_link_script CMakeFiles/cmTC_08584.dir/link.txt --verbose=1
/usr/bin/cc  -DCHECK_FUNCTION_EXISTS=pthread_create    -rdynamic CMakeFiles/cmTC_08584.dir/CheckFunctionExists.c.o  -o cmTC_08584 -lpthreads 
/usr/bin/ld: cannot find -lpthreads
collect2: error: ld returned 1 exit status
CMakeFiles/cmTC_08584.dir/build.make:97: recipe for target 'cmTC_08584' failed
make[1]: *** [cmTC_08584] Error 1
make[1]: Leaving directory '/rewrite/build/CMakeFiles/CMakeTmp'
Makefile:126: recipe for target 'cmTC_08584/fast' failed
make: *** [cmTC_08584/fast] Error 2


